  Task3.c
C:\Users\simon\OneDrive\Desktop\University-Tasks-Semester-4\OS\OS - 2\Task3\Task3.c(35,16): warning C4566: character represented by universal-character-name '\u041D' cannot be represented in the current code page (1252)
C:\Users\simon\OneDrive\Desktop\University-Tasks-Semester-4\OS\OS - 2\Task3\Task3.c(35,16): warning C4566: character represented by universal-character-name '\u0430' cannot be represented in the current code page (1252)
C:\Users\simon\OneDrive\Desktop\University-Tasks-Semester-4\OS\OS - 2\Task3\Task3.c(35,16): warning C4566: character represented by universal-character-name '\u043C' cannot be represented in the current code page (1252)
C:\Users\simon\OneDrive\Desktop\University-Tasks-Semester-4\OS\OS - 2\Task3\Task3.c(35,16): warning C4566: character represented by universal-character-name '\u0435' cannot be represented in the current code page (1252)
C:\Users\simon\OneDrive\Desktop\University-Tasks-Semester-4\OS\OS - 2\Task3\Task3.c(35,16): warning C4566: character represented by universal-character-name '\u0440' cannot be represented in the current code page (1252)
C:\Users\simon\OneDrive\Desktop\University-Tasks-Semester-4\OS\OS - 2\Task3\Task3.c(35,16): warning C4566: character represented by universal-character-name '\u043D' cannot be represented in the current code page (1252)
C:\Users\simon\OneDrive\Desktop\University-Tasks-Semester-4\OS\OS - 2\Task3\Task3.c(35,16): warning C4566: character represented by universal-character-name '\u043E' cannot be represented in the current code page (1252)
C:\Users\simon\OneDrive\Desktop\University-Tasks-Semester-4\OS\OS - 2\Task3\Task3.c(35,16): warning C4566: character represented by universal-character-name '\u043F' cannot be represented in the current code page (1252)
C:\Users\simon\OneDrive\Desktop\University-Tasks-Semester-4\OS\OS - 2\Task3\Task3.c(35,16): warning C4566: character represented by universal-character-name '\u0437' cannot be represented in the current code page (1252)
C:\Users\simon\OneDrive\Desktop\University-Tasks-Semester-4\OS\OS - 2\Task3\Task3.c(35,16): warning C4566: character represented by universal-character-name '\u0438' cannot be represented in the current code page (1252)
C:\Users\simon\OneDrive\Desktop\University-Tasks-Semester-4\OS\OS - 2\Task3\Task3.c(35,16): warning C4566: character represented by universal-character-name '\u0446' cannot be represented in the current code page (1252)
C:\Users\simon\OneDrive\Desktop\University-Tasks-Semester-4\OS\OS - 2\Task3\Task3.c(35,16): warning C4566: character represented by universal-character-name '\u044F' cannot be represented in the current code page (1252)
C:\Users\simon\OneDrive\Desktop\University-Tasks-Semester-4\OS\OS - 2\Task3\Task3.c(35,16): warning C4566: character represented by universal-character-name '\u0434' cannot be represented in the current code page (1252)
C:\Users\simon\OneDrive\Desktop\University-Tasks-Semester-4\OS\OS - 2\Task3\Task3.c(35,16): warning C4566: character represented by universal-character-name '\u043A' cannot be represented in the current code page (1252)
C:\Users\simon\OneDrive\Desktop\University-Tasks-Semester-4\OS\OS - 2\Task3\Task3.c(35,16): warning C4566: character represented by universal-character-name '\u0441' cannot be represented in the current code page (1252)
C:\Users\simon\OneDrive\Desktop\University-Tasks-Semester-4\OS\OS - 2\Task3\Task3.c(36,16): warning C4566: character represented by universal-character-name '\u0410' cannot be represented in the current code page (1252)
C:\Users\simon\OneDrive\Desktop\University-Tasks-Semester-4\OS\OS - 2\Task3\Task3.c(36,16): warning C4566: character represented by universal-character-name '\u0434' cannot be represented in the current code page (1252)
C:\Users\simon\OneDrive\Desktop\University-Tasks-Semester-4\OS\OS - 2\Task3\Task3.c(36,16): warning C4566: character represented by universal-character-name '\u0440' cannot be represented in the current code page (1252)
C:\Users\simon\OneDrive\Desktop\University-Tasks-Semester-4\OS\OS - 2\Task3\Task3.c(36,16): warning C4566: character represented by universal-character-name '\u0435' cannot be represented in the current code page (1252)
C:\Users\simon\OneDrive\Desktop\University-Tasks-Semester-4\OS\OS - 2\Task3\Task3.c(36,16): warning C4566: character represented by universal-character-name '\u0441' cannot be represented in the current code page (1252)
C:\Users\simon\OneDrive\Desktop\University-Tasks-Semester-4\OS\OS - 2\Task3\Task3.c(36,16): warning C4566: character represented by universal-character-name '\u0432' cannot be represented in the current code page (1252)
C:\Users\simon\OneDrive\Desktop\University-Tasks-Semester-4\OS\OS - 2\Task3\Task3.c(36,16): warning C4566: character represented by universal-character-name '\u043F' cannot be represented in the current code page (1252)
C:\Users\simon\OneDrive\Desktop\University-Tasks-Semester-4\OS\OS - 2\Task3\Task3.c(36,16): warning C4566: character represented by universal-character-name '\u0430' cannot be represented in the current code page (1252)
C:\Users\simon\OneDrive\Desktop\University-Tasks-Semester-4\OS\OS - 2\Task3\Task3.c(36,16): warning C4566: character represented by universal-character-name '\u043C' cannot be represented in the current code page (1252)
C:\Users\simon\OneDrive\Desktop\University-Tasks-Semester-4\OS\OS - 2\Task3\Task3.c(36,16): warning C4566: character represented by universal-character-name '\u0442' cannot be represented in the current code page (1252)
C:\Users\simon\OneDrive\Desktop\University-Tasks-Semester-4\OS\OS - 2\Task3\Task3.c(39,16): warning C4566: character represented by universal-character-name '\u0427' cannot be represented in the current code page (1252)
C:\Users\simon\OneDrive\Desktop\University-Tasks-Semester-4\OS\OS - 2\Task3\Task3.c(39,16): warning C4566: character represented by universal-character-name '\u0438' cannot be represented in the current code page (1252)
C:\Users\simon\OneDrive\Desktop\University-Tasks-Semester-4\OS\OS - 2\Task3\Task3.c(39,16): warning C4566: character represented by universal-character-name '\u0441' cannot be represented in the current code page (1252)
C:\Users\simon\OneDrive\Desktop\University-Tasks-Semester-4\OS\OS - 2\Task3\Task3.c(39,16): warning C4566: character represented by universal-character-name '\u043B' cannot be represented in the current code page (1252)
C:\Users\simon\OneDrive\Desktop\University-Tasks-Semester-4\OS\OS - 2\Task3\Task3.c(39,16): warning C4566: character represented by universal-character-name '\u043E' cannot be represented in the current code page (1252)
C:\Users\simon\OneDrive\Desktop\University-Tasks-Semester-4\OS\OS - 2\Task3\Task3.c(39,16): warning C4566: character represented by universal-character-name '\u0442' cannot be represented in the current code page (1252)
C:\Users\simon\OneDrive\Desktop\University-Tasks-Semester-4\OS\OS - 2\Task3\Task3.c(39,16): warning C4566: character represented by universal-character-name '\u043D' cannot be represented in the current code page (1252)
C:\Users\simon\OneDrive\Desktop\University-Tasks-Semester-4\OS\OS - 2\Task3\Task3.c(39,16): warning C4566: character represented by universal-character-name '\u0435' cannot be represented in the current code page (1252)
C:\Users\simon\OneDrive\Desktop\University-Tasks-Semester-4\OS\OS - 2\Task3\Task3.c(39,16): warning C4566: character represented by universal-character-name '\u0430' cannot be represented in the current code page (1252)
C:\Users\simon\OneDrive\Desktop\University-Tasks-Semester-4\OS\OS - 2\Task3\Task3.c(39,16): warning C4566: character represented by universal-character-name '\u043C' cannot be represented in the current code page (1252)
C:\Users\simon\OneDrive\Desktop\University-Tasks-Semester-4\OS\OS - 2\Task3\Task3.c(39,16): warning C4566: character represented by universal-character-name '\u0440' cannot be represented in the current code page (1252)
  Task3.vcxproj -> C:\Users\simon\OneDrive\Desktop\University-Tasks-Semester-4\OS\OS - 2\x64\Debug\Task3.exe
